Traceback (most recent call last):
  File "/home/askras/pyvenv/bookseer-dev-pcQinsDa-py3.12/lib/python3.12/site-packages/jupyter_cache/executors/utils.py", line 58, in single_nb_execution
    executenb(
  File "/home/askras/pyvenv/bookseer-dev-pcQinsDa-py3.12/lib/python3.12/site-packages/nbclient/client.py", line 1305, in execute
    return NotebookClient(nb=nb, resources=resources, km=km, **kwargs).execute()
           ^^^^^^^^^^^^^^^^^^^^^^^^^^^^^^^^^^^^^^^^^^^^^^^^^^^^^^^^^^^^^^^^^^^^^
  File "/home/askras/pyvenv/bookseer-dev-pcQinsDa-py3.12/lib/python3.12/site-packages/jupyter_core/utils/__init__.py", line 172, in wrapped
    return loop.run_until_complete(inner)
           ^^^^^^^^^^^^^^^^^^^^^^^^^^^^^^
  File "/usr/lib64/python3.12/asyncio/base_events.py", line 684, in run_until_complete
    return future.result()
           ^^^^^^^^^^^^^^^
  File "/home/askras/pyvenv/bookseer-dev-pcQinsDa-py3.12/lib/python3.12/site-packages/nbclient/client.py", line 705, in async_execute
    await self.async_execute_cell(
  File "/home/askras/pyvenv/bookseer-dev-pcQinsDa-py3.12/lib/python3.12/site-packages/nbclient/client.py", line 1058, in async_execute_cell
    await self._check_raise_for_error(cell, cell_index, exec_reply)
  File "/home/askras/pyvenv/bookseer-dev-pcQinsDa-py3.12/lib/python3.12/site-packages/nbclient/client.py", line 914, in _check_raise_for_error
    raise CellExecutionError.from_cell_and_msg(cell, exec_reply_content)
nbclient.exceptions.CellExecutionError: An error occurred while executing the following cell:
------------------
## Кому следует прочитать эту книгу

Являетесь ли вы системным администратором или разработчиком программного обеспечения, который проводит большую часть своего времени используя инструменты терминала и командной строки, эта книга призвана помочь вам работать быстрее.

Если вы разработчик программного обеспечения, вы увидите, как можно использовать tmux для создания среды разработки, которая может упростить работу с несколькими сеансами терминала. А если вы уже умеете пользоваться Vim или Emacs, то узнаете, как tmux может еще больше ускорить ваш рабочий процесс.

Если же вы системный администратор или разработчик, который некоторое время работает с удаленными серверами, то вам может быть интересно, как можно использовать tmux для создания постоянной панели управления или мониторинга серверов.


## Структура книги

Эта книга покажет вам, как использовать tmux в вашей работе, познакомив вас с его основными функциями и показав, как можно применить их в повседневных ситуациях.

В главе 1 «Изучение основ» вы узнаете том как в tmux создавать сеансы, панели и окна и как выполнять базовую навигацию между ними.

В Главе 2, «Настройка tmux», вы увидите как переопределяются управляющие сочетания клавиш по умолчанию и настраивается внешний вид tmux.

В Главе 3, «Создание настраиваемых рабочих окружений в tmux», вы создадите собственный сценарий разработки среде с помощью интерфейса командной строки, файлов конфигурации и программы tmuxinator.

После этого вы будете работать с текстом в Главе 4, «Работа с текстом и буферами». 
Вы будете использовать клавиатуру для перемещаться назад по буферу, выбирать и копировать текст и работать с несколькими буферами вставки.

Далее, в Главе 5, «Парное программирование с tmux», вы настроите tmux так, чтобы вы и ваш коллега могли работать вместе над одной кодовой базой с разных компьютеров, используя tmux.

Наконец, в главе 6 «Рабочие процессы» рассматриваются более продвинутые способы управления окнами, панелями и сеансами, показывающие вам, как быть еще более продуктивным с tmux.
------------------


[0;36m  Cell [0;32mIn[1], line 14[0;36m[0m
[0;31m    В главе 1 «Изучение основ» вы узнаете том как в tmux создавать сеансы, панели и окна и как выполнять базовую навигацию между ними.[0m
[0m              ^[0m
[0;31mSyntaxError[0m[0;31m:[0m invalid character '«' (U+00AB)


